14:34:07 **** Incremental Build of configuration Nios II for project nios_software ****
make all 
Info: Building ../nios_software_bsp/
C:/intelFPGA/16.1/nios2eds/bin/gnu/H-x86_64-mingw32/bin/make --no-print-directory -C ../nios_software_bsp/
[BSP build complete]
Info: Compiling main.c to obj/default/main.o
nios2-elf-gcc -xc -MP -MMD -c -I../nios_software_bsp//HAL/inc -I../nios_software_bsp/ -I../nios_software_bsp//drivers/inc  -pipe -D__hal__ -DALT_NO_INSTRUCTION_EMULATION -DALT_SINGLE_THREADED    -O0 -g -Wall   -mno-hw-div -mno-hw-mul -mno-hw-mulx -mgpopt=global  -o obj/default/main.o main.c
main.c:66:6: warning: return type of 'main' is not 'int' [-Wmain]
 void main(){
      ^
main.c: In function 'main':
main.c:94:24: warning: passing argument 1 of 'ramTestHalfWord' from incompatible pointer type [-Wincompatible-pointer-types]
    if (ramTestHalfWord(inferred_Base_ptr,2)){
                        ^
main.c:49:7: note: expected 'short unsigned int *' but argument is of type 'long unsigned int *'
  bool ramTestHalfWord(unsigned short *ramLocation_ptr, unsigned short numBytesToCheck){
       ^
Info: Linking nios_software.elf
nios2-elf-g++  -T'../nios_software_bsp//linker.x' -msys-crt0='../nios_software_bsp//obj/HAL/src/crt0.o' -msys-lib=hal_bsp -L../nios_software_bsp/   -Wl,-Map=nios_software.map   -O0 -g -Wall   -mno-hw-div -mno-hw-mul -mno-hw-mulx -mgpopt=global  -o nios_software.elf obj/default/main.o -lm -msys-lib=m
nios2-elf-insert nios_software.elf --thread_model hal --cpu_name nios2_gen2_0 --qsys true --simulation_enabled false --id 55987 --sidp 0x15020 --timestamp 1519407286 --stderr_dev jtag_uart_0 --stdin_dev jtag_uart_0 --stdout_dev jtag_uart_0 --sopc_system_name nios_system --quartus_project_dir "E:/cpet561/Labs_repo/Labs/lab3/part1/quartus" --jdi ../..//output_files/Lab3.jdi --sopcinfo E:/cpet561/Labs_repo/Labs/lab3/part1/quartus/software/nios_software_bsp/../../nios_system.sopcinfo
Info: (nios_software.elf) 15 KBytes program size (code + initialized data).
Info:                     10 KBytes free for stack + heap.
Info: Creating nios_software.objdump
nios2-elf-objdump --disassemble --syms --all-header --source nios_software.elf >nios_software.objdump
[nios_software build complete]

14:34:11 Build Finished (took 3s.922ms)

